{"C:\\Users\\Italo\\Desktop\\course-jest\\src\\components\\application\\application.tsx": {"path":"C:\\Users\\Italo\\Desktop\\course-jest\\src\\components\\application\\application.tsx","statementMap":{"0":{"start":{"line":1,"column":27},"end":{"line":28,"column":1}},"1":{"start":{"line":2,"column":2},"end":{"line":27,"column":4}}},"fnMap":{"0":{"name":"(anonymous_0)","decl":{"start":{"line":1,"column":27},"end":{"line":1,"column":28}},"loc":{"start":{"line":1,"column":33},"end":{"line":28,"column":1}},"line":1}},"branchMap":{},"s":{"0":1,"1":1},"f":{"0":1},"b":{},"_coverageSchema":"1a1c01bbd47fc00a2c39e90264f33305004495a9","hash":"6da1a98791cc08b4aaefab464ffe9988fcd7f7da"}
,"C:\\Users\\Italo\\Desktop\\course-jest\\src\\components\\greet\\greet.tsx": {"path":"C:\\Users\\Italo\\Desktop\\course-jest\\src\\components\\greet\\greet.tsx","statementMap":{"0":{"start":{"line":3,"column":21},"end":{"line":5,"column":1}},"1":{"start":{"line":4,"column":2},"end":{"line":4,"column":33}}},"fnMap":{"0":{"name":"(anonymous_0)","decl":{"start":{"line":3,"column":21},"end":{"line":3,"column":22}},"loc":{"start":{"line":3,"column":47},"end":{"line":5,"column":1}},"line":3}},"branchMap":{},"s":{"0":1,"1":2},"f":{"0":2},"b":{},"_coverageSchema":"1a1c01bbd47fc00a2c39e90264f33305004495a9","hash":"54863531af700a00947180470ac7775a266b621b"}
}
